app-combine/build/outputs/logs/manifest-merger-debug-report.txt
-- Merging decision tree log ---
manifest
ADDED from src\main\AndroidManifest.xml:1:1-104:12
INJECTED from src\main\AndroidManifest.xml:1:1-104:12
INJECTED from src\main\AndroidManifest.xml:1:1-104:12
INJECTED from src\main\AndroidManifest.xml:1:1-104:12
MERGED from [:module-recreation] AndroidManifest.xml:2:1-34:12
MERGED from [:module-health-measure] AndroidManifest.xml:2:1-80:12
MERGED from [:module-auth] AndroidManifest.xml:2:1-43:12
MERGED from [:module-auth-face2] AndroidManifest.xml:2:1-28:12
MERGED from [:module-task] AndroidManifest.xml:2:1-54:12
MERGED from [:module-mall] AndroidManifest.xml:2:1-86:12
MERGED from [:module-video] AndroidManifest.xml:2:1-26:12
MERGED from [:lib-bluetooth] AndroidManifest.xml:2:1-49:12
MERGED from [:module-factory-test] AndroidManifest.xml:2:1-29:12
MERGED from [:module-hypertension-manager] AndroidManifest.xml:2:1-77:12
MERGED from [:module-edu-child] AndroidManifest.xml:2:1-56:12
MERGED from [:module-control] AndroidManifest.xml:2:1-62:12
MERGED from [:module-edu] AndroidManifest.xml:2:1-23:12
MERGED from [:module-health-record] AndroidManifest.xml:2:1-17:12
MERGED from [:module-doctor-advisory] AndroidManifest.xml:2:1-44:12
MERGED from [:module-body-test] AndroidManifest.xml:2:1-11:12
MERGED from [:module-alarm] AndroidManifest.xml:2:1-37:12
MERGED from [:lib-call] AndroidManifest.xml:2:1-98:12
MERGED from [:lib-video] AndroidManifest.xml:2:1-11:12
MERGED from [:lib-progress-orb] AndroidManifest.xml:2:1-17:12
MERGED from [:lib-pay-beecloud] AndroidManifest.xml:2:1-11:12
MERGED from [:lib-baidu-unit] AndroidManifest.xml:2:1-73:12
MERGED from [:lib-music-player] AndroidManifest.xml:2:1-21:12
MERGED from [:lib-common-business] AndroidManifest.xml:2:1-66:12
MERGED from [:lib-voice] AndroidManifest.xml:2:1-25:12
MERGED from [:lib-common-core] AndroidManifest.xml:2:1-18:12
MERGED from [:lib-widget] AndroidManifest.xml:2:1-11:12
MERGED from [:lib-wheelrecyclerview:] AndroidManifest.xml:2:1-17:12
MERGED from [:voicelibrary:] AndroidManifest.xml:2:1-17:12
MERGED from [com.android.databinding:adapters:3.1.4] AndroidManifest.xml:17:1-24:12
MERGED from [com.android.databinding:library:3.1.4] AndroidManifest.xml:17:1-24:12
MERGED from [com.squareup.leakcanary:leakcanary-android:1.5.4] AndroidManifest.xml:17:1-61:12
MERGED from [com.github.markzhai:blockcanary-android:1.5.0] AndroidManifest.xml:2:1-27:12
MERGED from [com.github.whataa:pandora:v1.2.1] AndroidManifest.xml:2:1-33:12
MERGED from [com.android.support:multidex:1.0.2] AndroidManifest.xml:17:1-22:12
MERGED from [android.arch.lifecycle:extensions:1.1.1] AndroidManifest.xml:17:1-30:12
MERGED from [com.uber.autodispose:autodispose-android-archcomponents:1.0.0-RC1] AndroidManifest.xml:17:1-24:12
MERGED from [com.github.barteksc:android-pdf-viewer:3.1.0-beta.1] AndroidManifest.xml:2:1-11:12
MERGED from [com.github.yhaolpz:FloatWindow:1.0.9] AndroidManifest.xml:2:1-20:12
MERGED from [com.luojilab.ddcomponent:componentlib:1.0.0] AndroidManifest.xml:2:1-16:12
MERGED from [com.nex3z:flow-layout:1.2.4] AndroidManifest.xml:2:1-13:12
MERGED from [com.afollestad.material-dialogs:core:0.9.5.0] AndroidManifest.xml:2:1-15:12
MERGED from [me.zhanghai.android.materialprogressbar:library:1.4.2] AndroidManifest.xml:6:1-16:12
MERGED from [com.android.support:design:27.1.1] AndroidManifest.xml:17:1-22:12
MERGED from [com.android.support:appcompat-v7:27.1.1] AndroidManifest.xml:17:1-22:12
MERGED from [com.android.support:animated-vector-drawable:27.1.1] AndroidManifest.xml:17:1-22:12
MERGED from [com.android.support:support-vector-drawable:27.1.1] AndroidManifest.xml:17:1-22:12
MERGED from [github.hellocsl:GalleryLayoutManager:1.0.6] AndroidManifest.xml:2:1-17:12
MERGED from [com.zhy:base-rvadapter:3.0.3] AndroidManifest.xml:2:1-12:12
MERGED from [com.android.support:recyclerview-v7:27.1.1] AndroidManifest.xml:17:1-22:12
MERGED from [com.android.support:transition:27.1.1] AndroidManifest.xml:17:1-22:12
MERGED from [com.github.bumptech.glide:glide:4.6.1] AndroidManifest.xml:2:1-13:12
MERGED from [com.sjtu.yifei:auto-api:1.7.0] AndroidManifest.xml:2:1-9:12
MERGED from [com.github.barteksc:pdfium-android:1.9.0] AndroidManifest.xml:2:1-11:12
MERGED from [com.android.support:support-v4:27.1.1] AndroidManifest.xml:17:1-22:12
MERGED from [com.android.support:support-fragment:27.1.1] AndroidManifest.xml:17:1-22:12
MERGED from [android.arch.persistence.room:rxjava2:1.1.1] AndroidManifest.xml:17:1-22:12
MERGED from [android.arch.persistence.room:runtime:1.1.1] AndroidManifest.xml:17:1-22:12
MERGED from [com.android.support:support-core-ui:27.1.1] AndroidManifest.xml:17:1-22:12
MERGED from [com.android.support:support-core-utils:27.1.1] AndroidManifest.xml:17:1-22:12
MERGED from [com.android.support:support-media-compat:27.1.1] AndroidManifest.xml:17:1-22:12
MERGED from [com.android.support:support-compat:27.1.1] AndroidManifest.xml:17:1-22:12
MERGED from [android.arch.lifecycle:runtime:1.1.1] AndroidManifest.xml:17:1-22:12
MERGED from [com.android.support.constraint:constraint-layout:1.1.3] AndroidManifest.xml:2:1-11:12
MERGED from [com.android.support:cardview-v7:27.1.1] AndroidManifest.xml:17:1-22:12
MERGED from [com.github.CymChad:BaseRecyclerViewAdapterHelper:2.9.30] AndroidManifest.xml:2:1-11:12
MERGED from [cn.aigestudio.wheelpicker:WheelPicker:1.1.2] AndroidManifest.xml:2:1-12:12
MERGED from [com.contrarywind:Android-PickerView:4.1.6] AndroidManifest.xml:2:1-11:12
MERGED from [com.facebook.stetho:stetho-okhttp3:1.5.0] AndroidManifest.xml:2:1-13:12
MERGED from [com.lzy.net:okgo:3.0.4] AndroidManifest.xml:17:1-31:12
MERGED from [com.zhy:okhttputils:2.6.2] AndroidManifest.xml:2:1-11:12
MERGED from [com.paypal.sdk:paypal-android-sdk:2.13.3] AndroidManifest.xml:2:1-28:12
MERGED from [com.uber.autodispose:autodispose-android:1.0.0-RC1] AndroidManifest.xml:17:1-24:12
MERGED from [io.reactivex.rxjava2:rxandroid:2.0.2] AndroidManifest.xml:15:1-21:12
MERGED from [com.polidea.rxandroidble2:rxandroidble:1.6.0] AndroidManifest.xml:2:1-18:12
MERGED from [me.jessyan:retrofit-url-manager:1.4.0] AndroidManifest.xml:2:1-11:12
MERGED from [com.tbruyelle.rxpermissions2:rxpermissions:0.9.5] AndroidManifest.xml:2:1-13:12
MERGED from [com.jakewharton.timber:timber:4.7.0] AndroidManifest.xml:2:1-9:12
MERGED from [in.srain.cube:ultra-ptr:1.0.11] AndroidManifest.xml:2:1-13:12
MERGED from [com.facebook.stetho:stetho:1.5.0] AndroidManifest.xml:2:1-13:12
MERGED from [com.tencent.bugly:crashreport:2.8.6.0] AndroidManifest.xml:2:1-9:12
MERGED from [com.tencent.bugly:nativecrashreport:3.6.0.1] AndroidManifest.xml:2:1-9:12
MERGED from [com.netease.nimlib:basesdk:4.3.0] AndroidManifest.xml:2:1-60:12
MERGED from [com.netease.nimlib:avchat:4.3.0] AndroidManifest.xml:2:1-11:12
MERGED from [cn.jiguang.sdk:jpush:3.1.1] AndroidManifest.xml:2:1-133:12
MERGED from [cn.jiguang.sdk:jcore:1.1.9] AndroidManifest.xml:2:1-14:12
MERGED from [com.github.zcweng:switch-button:0.0.3] AndroidManifest.xml:2:1-11:12
MERGED from [com.inuker.bluetooth:library:1.4.0] AndroidManifest.xml:2:1-24:12
MERGED from [:vivachek-ble-sdk-1.0.0:] AndroidManifest.xml:2:1-17:12
MERGED from [:vtble-v2.1.0:] AndroidManifest.xml:2:1-27:12
MERGED from [com.airbnb.android:lottie:2.2.5] AndroidManifest.xml:2:1-12:12
MERGED from [me.wcy:lrcview:1.4.2] AndroidManifest.xml:2:1-17:12
MERGED from [:libbase-release:] AndroidManifest.xml:2:1-12:12
MERGED from [:unitbody-release:] AndroidManifest.xml:2:1-38:12
MERGED from [:unitdisease-release:] AndroidManifest.xml:2:1-20:12
MERGED from [com.facebook.fresco:fresco:1.7.1] AndroidManifest.xml:2:1-9:12
MERGED from [com.squareup.leakcanary:leakcanary-analyzer:1.5.4] AndroidManifest.xml:17:1-25:12
MERGED from [com.github.markzhai:blockcanary-analyzer:1.5.0] AndroidManifest.xml:2:1-17:12
MERGED from [com.github.mmin18:realtimeblurview:1.1.0] AndroidManifest.xml:2:1-11:12
MERGED from [android.arch.lifecycle:livedata:1.1.1] AndroidManifest.xml:17:1-22:12
MERGED from [android.arch.lifecycle:livedata-core:1.1.1] AndroidManifest.xml:17:1-22:12
MERGED from [android.arch.core:runtime:1.1.1] AndroidManifest.xml:17:1-22:12
MERGED from [android.arch.lifecycle:viewmodel:1.1.1] AndroidManifest.xml:17:1-22:12
MERGED from [com.github.bumptech.glide:gifdecoder:4.6.1] AndroidManifest.xml:2:1-11:12
MERGED from [android.arch.persistence:db-framework:1.1.1] AndroidManifest.xml:17:1-22:12
MERGED from [android.arch.persistence:db:1.1.1] AndroidManifest.xml:17:1-22:12
MERGED from [com.contrarywind:wheelview:4.0.8] AndroidManifest.xml:2:1-17:12
MERGED from [com.netease.nimlib:nrtc:4.3.0] AndroidManifest.xml:2:1-11:12
MERGED from [com.kk.taurus.playerbase:playerbase:3.3.0] AndroidManifest.xml:2:1-11:12
MERGED from [com.facebook.fresco:drawee:1.7.1] AndroidManifest.xml:2:1-9:12
MERGED from [com.facebook.fresco:imagepipeline:1.7.1] AndroidManifest.xml:2:1-9:12
MERGED from [com.facebook.fresco:imagepipeline-base:1.7.1] AndroidManifest.xml:2:1-9:12
MERGED from [com.facebook.fresco:fbcore:1.7.1] AndroidManifest.xml:2:1-9:12
MERGED from [io.card:android-sdk:5.3.0] AndroidManifest.xml:2:1-28:12
INJECTED from src\main\AndroidManifest.xml:1:1-104:12
INJECTED from src\main\AndroidManifest.xml:1:1-104:12
INJECTED from src\main\AndroidManifest.xml:1:1-104:12
	package
		ADDED from src\main\AndroidManifest.xml:3:5-46
		INJECTED from src\main\AndroidManifest.xml
		INJECTED from src\main\AndroidManifest.xml
	android:versionName
		INJECTED from src\main\AndroidManifest.xml
		ADDED from src\main\AndroidManifest.xml:1:1-104:12
		INJECTED from src\main\AndroidManifest.xml
	xmlns:tools
		ADDED from src\main\AndroidManifest.xml:2:5-51
	android:versionCode
		INJECTED from src\main\AndroidManifest.xml
		ADDED from src\main\AndroidManifest.xml:1:1-104:12
		INJECTED from src\main\AndroidManifest.xml
	xmlns:android
		ADDED from src\main\AndroidManifest.xml:1:11-69
uses-permission#android.permission.FLASHLIGHT
ADDED from src\main\AndroidManifest.xml:6:5-69
MERGED from [:module-task] AndroidManifest.xml:19:5-69
MERGED from [:module-task] AndroidManifest.xml:19:5-69
MERGED from [:module-mall] AndroidManifest.xml:19:5-69
MERGED from [:module-mall] AndroidManifest.xml:19:5-69
MERGED from [:lib-call] AndroidManifest.xml:35:5-69
MERGED from [:lib-call] AndroidManifest.xml:35:5-69
	android:name
		ADDED from src\main\AndroidManifest.xml:6:22-66
uses-permission#android.permission.BROADCAST_STICKY
ADDED from src\main\AndroidManifest.xml:8:5-75
	android:name
		ADDED from src\main\AndroidManifest.xml:8:22-72
permission#com.example.han.referralproject.permission.RECEIVE_MSG
ADDED from src\main\AndroidManifest.xml:9:5-11:47
MERGED from [:module-mall] AndroidManifest.xml:27:5-29:47
MERGED from [:lib-call] AndroidManifest.xml:43:5-45:47
	android:protectionLevel
		ADDED from src\main\AndroidManifest.xml:11:9-44
	android:name
		ADDED from src\main\AndroidManifest.xml:10:9-78
uses-permission#com.example.han.referralproject.permission.RECEIVE_MSG
ADDED from src\main\AndroidManifest.xml:13:5-94
MERGED from [:module-mall] AndroidManifest.xml:31:5-79
MERGED from [:lib-call] AndroidManifest.xml:47:5-79
	android:name
		ADDED from src\main\AndroidManifest.xml:13:22-91
uses-permission#android.permission.BLUETOOTH_ADMIN
ADDED from src\main\AndroidManifest.xml:15:5-74
MERGED from [:lib-bluetooth] AndroidManifest.xml:12:5-74
MERGED from [:lib-bluetooth] AndroidManifest.xml:12:5-74
MERGED from [:lib-call] AndroidManifest.xml:31:5-74
MERGED from [:lib-call] AndroidManifest.xml:31:5-74
MERGED from [com.polidea.rxandroidble2:rxandroidble:1.6.0] AndroidManifest.xml:12:5-74
MERGED from [com.polidea.rxandroidble2:rxandroidble:1.6.0] AndroidManifest.xml:12:5-74
MERGED from [com.inuker.bluetooth:library:1.4.0] AndroidManifest.xml:12:5-74
MERGED from [com.inuker.bluetooth:library:1.4.0] AndroidManifest.xml:12:5-74
MERGED from [:vivachek-ble-sdk-1.0.0:] AndroidManifest.xml:11:5-74
MERGED from [:vivachek-ble-sdk-1.0.0:] AndroidManifest.xml:11:5-74
MERGED from [:vtble-v2.1.0:] AndroidManifest.xml:15:5-74
MERGED from [:vtble-v2.1.0:] AndroidManifest.xml:15:5-74
	android:name
		ADDED from src\main\AndroidManifest.xml:15:22-71
uses-feature#android.hardware.bluetooth_le
ADDED from src\main\AndroidManifest.xml:16:5-18:35
MERGED from [com.inuker.bluetooth:library:1.4.0] AndroidManifest.xml:16:5-18:35
MERGED from [com.inuker.bluetooth:library:1.4.0] AndroidManifest.xml:16:5-18:35
MERGED from [:vtble-v2.1.0:] AndroidManifest.xml:17:5-19:35
MERGED from [:vtble-v2.1.0:] AndroidManifest.xml:17:5-19:35
	android:required
		ADDED from src\main\AndroidManifest.xml:18:9-32
	android:name
		ADDED from src\main\AndroidManifest.xml:17:9-53
uses-permission#android.permission.ACCESS_COARSE_LOCATION
ADDED from src\main\AndroidManifest.xml:19:5-81
MERGED from [:lib-bluetooth] AndroidManifest.xml:13:5-81
MERGED from [:lib-bluetooth] AndroidManifest.xml:13:5-81
MERGED from [:lib-call] AndroidManifest.xml:23:5-81
MERGED from [:lib-call] AndroidManifest.xml:23:5-81
MERGED from [:lib-baidu-unit] AndroidManifest.xml:33:5-81
MERGED from [:lib-baidu-unit] AndroidManifest.xml:33:5-81
MERGED from [:lib-common-business] AndroidManifest.xml:14:5-81
MERGED from [:lib-common-business] AndroidManifest.xml:14:5-81
MERGED from [:lib-voice] AndroidManifest.xml:23:5-81
MERGED from [:lib-voice] AndroidManifest.xml:23:5-81
MERGED from [cn.jiguang.sdk:jpush:3.1.1] AndroidManifest.xml:31:5-81
MERGED from [cn.jiguang.sdk:jpush:3.1.1] AndroidManifest.xml:31:5-81
MERGED from [com.inuker.bluetooth:library:1.4.0] AndroidManifest.xml:14:5-81
MERGED from [com.inuker.bluetooth:library:1.4.0] AndroidManifest.xml:14:5-81
MERGED from [:vivachek-ble-sdk-1.0.0:] AndroidManifest.xml:14:5-81
MERGED from [:vivachek-ble-sdk-1.0.0:] AndroidManifest.xml:14:5-81
	android:name
		ADDED from src\main\AndroidManifest.xml:19:22-78
uses-permission#android.permission.RECORD_AUDIO
ADDED from src\main\AndroidManifest.xml:21:5-71
MERGED from [:lib-call] AndroidManifest.xml:29:5-71
MERGED from [:lib-call] AndroidManifest.xml:29:5-71
MERGED from [:lib-baidu-unit] AndroidManifest.xml:14:5-71
MERGED from [:lib-baidu-unit] AndroidManifest.xml:14:5-71
MERGED from [:lib-voice] AndroidManifest.xml:11:5-71
MERGED from [:lib-voice] AndroidManifest.xml:11:5-71
	android:name
		ADDED from src\main\AndroidManifest.xml:21:22-68
uses-permission#android.permission.CHANGE_WIFI_STATE
ADDED from src\main\AndroidManifest.xml:23:5-76
MERGED from [:module-task] AndroidManifest.xml:15:5-76
MERGED from [:module-task] AndroidManifest.xml:15:5-76
MERGED from [:module-mall] AndroidManifest.xml:15:5-76
MERGED from [:module-mall] AndroidManifest.xml:15:5-76
MERGED from [:lib-call] AndroidManifest.xml:15:5-76
MERGED from [:lib-call] AndroidManifest.xml:15:5-76
MERGED from [:lib-baidu-unit] AndroidManifest.xml:20:5-76
MERGED from [:lib-baidu-unit] AndroidManifest.xml:20:5-76
MERGED from [:lib-baidu-unit] AndroidManifest.xml:41:5-76
MERGED from [:lib-baidu-unit] AndroidManifest.xml:41:5-76
MERGED from [:lib-common-business] AndroidManifest.xml:22:5-76
MERGED from [:lib-common-business] AndroidManifest.xml:22:5-76
MERGED from [com.netease.nimlib:basesdk:4.3.0] AndroidManifest.xml:15:5-76
MERGED from [com.netease.nimlib:basesdk:4.3.0] AndroidManifest.xml:15:5-76
MERGED from [cn.jiguang.sdk:jpush:3.1.1] AndroidManifest.xml:32:5-76
MERGED from [cn.jiguang.sdk:jpush:3.1.1] AndroidManifest.xml:32:5-76
	android:name
		ADDED from src\main\AndroidManifest.xml:23:22-73
uses-permission#android.permission.CHANGE_NETWORK_STATE
ADDED from src\main\AndroidManifest.xml:24:5-79
MERGED from [:lib-voice] AndroidManifest.xml:15:5-79
MERGED from [:lib-voice] AndroidManifest.xml:15:5-79
MERGED from [cn.jiguang.sdk:jpush:3.1.1] AndroidManifest.xml:35:5-79
MERGED from [cn.jiguang.sdk:jpush:3.1.1] AndroidManifest.xml:35:5-79
	android:name
		ADDED from src\main\AndroidManifest.xml:24:22-76
uses-permission#android.permission.WRITE_SETTINGS
ADDED from src\main\AndroidManifest.xml:25:5-27:47
MERGED from [:module-task] AndroidManifest.xml:23:5-73
MERGED from [:module-task] AndroidManifest.xml:23:5-73
MERGED from [:module-mall] AndroidManifest.xml:23:5-73
MERGED from [:module-mall] AndroidManifest.xml:23:5-73
MERGED from [:lib-call] AndroidManifest.xml:39:5-73
MERGED from [:lib-call] AndroidManifest.xml:39:5-73
MERGED from [:lib-baidu-unit] AndroidManifest.xml:28:5-73
MERGED from [:lib-baidu-unit] AndroidManifest.xml:28:5-73
MERGED from [:lib-voice] AndroidManifest.xml:20:5-73
MERGED from [:lib-voice] AndroidManifest.xml:20:5-73
MERGED from [cn.jiguang.sdk:jpush:3.1.1] AndroidManifest.xml:23:5-73
MERGED from [cn.jiguang.sdk:jpush:3.1.1] AndroidManifest.xml:23:5-73
	tools:ignore
		ADDED from src\main\AndroidManifest.xml:27:9-44
	android:name
		ADDED from src\main\AndroidManifest.xml:26:9-57
uses-permission#android.permission.CAMERA
ADDED from src\main\AndroidManifest.xml:29:5-65
MERGED from [:module-auth-face2] AndroidManifest.xml:11:5-65
MERGED from [:module-auth-face2] AndroidManifest.xml:11:5-65
MERGED from [:lib-call] AndroidManifest.xml:28:5-65
MERGED from [:lib-call] AndroidManifest.xml:28:5-65
MERGED from [io.card:android-sdk:5.3.0] AndroidManifest.xml:11:5-65
MERGED from [io.card:android-sdk:5.3.0] AndroidManifest.xml:11:5-65
	android:name
		ADDED from src\main\AndroidManifest.xml:29:22-62
uses-feature#android.hardware.camera
ADDED from src\main\AndroidManifest.xml:31:5-60
MERGED from [:module-auth-face2] AndroidManifest.xml:13:5-15:36
MERGED from [:module-auth-face2] AndroidManifest.xml:13:5-15:36
MERGED from [io.card:android-sdk:5.3.0] AndroidManifest.xml:14:5-16:36
MERGED from [io.card:android-sdk:5.3.0] AndroidManifest.xml:14:5-16:36
	android:name
		ADDED from src\main\AndroidManifest.xml:31:19-57
uses-feature#android.hardware.camera.autofocus
ADDED from src\main\AndroidManifest.xml:32:5-70
MERGED from [:module-auth-face2] AndroidManifest.xml:16:5-18:36
MERGED from [:module-auth-face2] AndroidManifest.xml:16:5-18:36
MERGED from [io.card:android-sdk:5.3.0] AndroidManifest.xml:17:5-19:36
MERGED from [io.card:android-sdk:5.3.0] AndroidManifest.xml:17:5-19:36
	android:name
		ADDED from src\main\AndroidManifest.xml:32:19-67
uses-feature#0x00020000
ADDED from src\main\AndroidManifest.xml:33:5-35:35
	android:glEsVersion
		ADDED from src\main\AndroidManifest.xml:34:9-41
	android:required
		ADDED from src\main\AndroidManifest.xml:35:9-32
uses-permission#android.permission.BLUETOOTH
ADDED from src\main\AndroidManifest.xml:37:5-68
MERGED from [:module-health-measure] AndroidManifest.xml:14:5-68
MERGED from [:module-health-measure] AndroidManifest.xml:14:5-68
MERGED from [:lib-bluetooth] AndroidManifest.xml:11:5-68
MERGED from [:lib-bluetooth] AndroidManifest.xml:11:5-68
MERGED from [:lib-call] AndroidManifest.xml:30:5-68
MERGED from [:lib-call] AndroidManifest.xml:30:5-68
MERGED from [com.polidea.rxandroidble2:rxandroidble:1.6.0] AndroidManifest.xml:11:5-68
MERGED from [com.polidea.rxandroidble2:rxandroidble:1.6.0] AndroidManifest.xml:11:5-68
MERGED from [com.inuker.bluetooth:library:1.4.0] AndroidManifest.xml:11:5-68
MERGED from [com.inuker.bluetooth:library:1.4.0] AndroidManifest.xml:11:5-68
MERGED from [:vivachek-ble-sdk-1.0.0:] AndroidManifest.xml:12:5-68
MERGED from [:vivachek-ble-sdk-1.0.0:] AndroidManifest.xml:12:5-68
MERGED from [:vtble-v2.1.0:] AndroidManifest.xml:14:5-68
MERGED from [:vtble-v2.1.0:] AndroidManifest.xml:14:5-68
	android:name
		ADDED from src\main\AndroidManifest.xml:37:22-65
uses-permission#android.permission.INTERNET
ADDED from src\main\AndroidManifest.xml:39:5-67
MERGED from [:module-health-measure] AndroidManifest.xml:12:5-67
MERGED from [:module-health-measure] AndroidManifest.xml:12:5-67
MERGED from [:module-task] AndroidManifest.xml:12:5-67
MERGED from [:module-task] AndroidManifest.xml:12:5-67
MERGED from [:module-mall] AndroidManifest.xml:12:5-67
MERGED from [:module-mall] AndroidManifest.xml:12:5-67
MERGED from [:lib-call] AndroidManifest.xml:12:5-67
MERGED from [:lib-call] AndroidManifest.xml:12:5-67
MERGED from [:lib-baidu-unit] AndroidManifest.xml:12:5-67
MERGED from [:lib-baidu-unit] AndroidManifest.xml:12:5-67
MERGED from [:lib-baidu-unit] AndroidManifest.xml:47:5-67
MERGED from [:lib-baidu-unit] AndroidManifest.xml:47:5-67
MERGED from [:lib-common-business] AndroidManifest.xml:28:5-67
MERGED from [:lib-common-business] AndroidManifest.xml:28:5-67
MERGED from [:lib-voice] AndroidManifest.xml:12:5-67
MERGED from [:lib-voice] AndroidManifest.xml:12:5-67
MERGED from [com.lzy.net:okgo:3.0.4] AndroidManifest.xml:26:5-67
MERGED from [com.lzy.net:okgo:3.0.4] AndroidManifest.xml:26:5-67
MERGED from [com.paypal.sdk:paypal-android-sdk:2.13.3] AndroidManifest.xml:10:5-67
MERGED from [com.paypal.sdk:paypal-android-sdk:2.13.3] AndroidManifest.xml:10:5-67
MERGED from [com.netease.nimlib:basesdk:4.3.0] AndroidManifest.xml:12:5-67
MERGED from [com.netease.nimlib:basesdk:4.3.0] AndroidManifest.xml:12:5-67
MERGED from [cn.jiguang.sdk:jpush:3.1.1] AndroidManifest.xml:18:5-67
MERGED from [cn.jiguang.sdk:jpush:3.1.1] AndroidManifest.xml:18:5-67
MERGED from [:vtble-v2.1.0:] AndroidManifest.xml:12:5-67
MERGED from [:vtble-v2.1.0:] AndroidManifest.xml:12:5-67
	android:name
		ADDED from src\main\AndroidManifest.xml:39:22-64
uses-permission#android.permission.VIBRATE
ADDED from src\main\AndroidManifest.xml:43:5-66
MERGED from [:module-task] AndroidManifest.xml:20:5-66
MERGED from [:module-task] AndroidManifest.xml:20:5-66
MERGED from [:module-mall] AndroidManifest.xml:20:5-66
MERGED from [:module-mall] AndroidManifest.xml:20:5-66
MERGED from [:lib-call] AndroidManifest.xml:36:5-66
MERGED from [:lib-call] AndroidManifest.xml:36:5-66
MERGED from [cn.jiguang.sdk:jpush:3.1.1] AndroidManifest.xml:24:5-66
MERGED from [cn.jiguang.sdk:jpush:3.1.1] AndroidManifest.xml:24:5-66
MERGED from [io.card:android-sdk:5.3.0] AndroidManifest.xml:12:5-66
MERGED from [io.card:android-sdk:5.3.0] AndroidManifest.xml:12:5-66
	android:name
		ADDED from src\main\AndroidManifest.xml:43:22-63
uses-permission#android.permission.ACCESS_NETWORK_STATE
ADDED from src\main\AndroidManifest.xml:45:5-79
MERGED from [:module-task] AndroidManifest.xml:13:5-79
MERGED from [:module-task] AndroidManifest.xml:13:5-79
MERGED from [:module-mall] AndroidManifest.xml:13:5-79
MERGED from [:module-mall] AndroidManifest.xml:13:5-79
MERGED from [:module-control] AndroidManifest.xml:11:5-79
MERGED from [:module-control] AndroidManifest.xml:11:5-79
MERGED from [:lib-call] AndroidManifest.xml:13:5-79
MERGED from [:lib-call] AndroidManifest.xml:13:5-79
MERGED from [:lib-baidu-unit] AndroidManifest.xml:16:5-79
MERGED from [:lib-baidu-unit] AndroidManifest.xml:16:5-79
MERGED from [:lib-baidu-unit] AndroidManifest.xml:39:5-79
MERGED from [:lib-baidu-unit] AndroidManifest.xml:39:5-79
MERGED from [:lib-music-player] AndroidManifest.xml:11:5-79
MERGED from [:lib-music-player] AndroidManifest.xml:11:5-79
MERGED from [:lib-common-business] AndroidManifest.xml:20:5-79
MERGED from [:lib-common-business] AndroidManifest.xml:20:5-79
MERGED from [:lib-voice] AndroidManifest.xml:13:5-79
MERGED from [:lib-voice] AndroidManifest.xml:13:5-79
MERGED from [com.paypal.sdk:paypal-android-sdk:2.13.3] AndroidManifest.xml:9:5-79
MERGED from [com.paypal.sdk:paypal-android-sdk:2.13.3] AndroidManifest.xml:9:5-79
MERGED from [com.netease.nimlib:basesdk:4.3.0] AndroidManifest.xml:13:5-79
MERGED from [com.netease.nimlib:basesdk:4.3.0] AndroidManifest.xml:13:5-79
MERGED from [cn.jiguang.sdk:jpush:3.1.1] AndroidManifest.xml:26:5-79
MERGED from [cn.jiguang.sdk:jpush:3.1.1] AndroidManifest.xml:26:5-79
MERGED from [:vtble-v2.1.0:] AndroidManifest.xml:11:5-79
MERGED from [:vtble-v2.1.0:] AndroidManifest.xml:11:5-79
MERGED from [:libbase-release:] AndroidManifest.xml:9:5-79
MERGED from [:libbase-release:] AndroidManifest.xml:9:5-79
	android:name
		ADDED from src\main\AndroidManifest.xml:45:22-76
uses-permission#android.permission.ACCESS_WIFI_STATE
ADDED from src\main\AndroidManifest.xml:47:5-76
MERGED from [:module-auth] AndroidManifest.xml:12:5-76
MERGED from [:module-auth] AndroidManifest.xml:12:5-76
MERGED from [:module-task] AndroidManifest.xml:14:5-76
MERGED from [:module-task] AndroidManifest.xml:14:5-76
MERGED from [:module-mall] AndroidManifest.xml:14:5-76
MERGED from [:module-mall] AndroidManifest.xml:14:5-76
MERGED from [:module-control] AndroidManifest.xml:12:5-76
MERGED from [:module-control] AndroidManifest.xml:12:5-76
MERGED from [:lib-call] AndroidManifest.xml:14:5-76
MERGED from [:lib-call] AndroidManifest.xml:14:5-76
MERGED from [:lib-baidu-unit] AndroidManifest.xml:18:5-76
MERGED from [:lib-baidu-unit] AndroidManifest.xml:18:5-76
MERGED from [:lib-baidu-unit] AndroidManifest.xml:37:5-76
MERGED from [:lib-baidu-unit] AndroidManifest.xml:37:5-76
MERGED from [:lib-common-business] AndroidManifest.xml:18:5-76
MERGED from [:lib-common-business] AndroidManifest.xml:18:5-76
MERGED from [:lib-voice] AndroidManifest.xml:14:5-76
MERGED from [:lib-voice] AndroidManifest.xml:14:5-76
MERGED from [com.netease.nimlib:basesdk:4.3.0] AndroidManifest.xml:14:5-76
MERGED from [com.netease.nimlib:basesdk:4.3.0] AndroidManifest.xml:14:5-76
MERGED from [cn.jiguang.sdk:jpush:3.1.1] AndroidManifest.xml:27:5-76
MERGED from [cn.jiguang.sdk:jpush:3.1.1] AndroidManifest.xml:27:5-76
	android:name
		ADDED from src\main\AndroidManifest.xml:47:22-73
uses-permission#android.permission.ACCESS_FINE_LOCATION
ADDED from src\main\AndroidManifest.xml:49:5-79
MERGED from [:lib-call] AndroidManifest.xml:22:5-79
MERGED from [:lib-call] AndroidManifest.xml:22:5-79
MERGED from [:lib-baidu-unit] AndroidManifest.xml:35:5-79
MERGED from [:lib-baidu-unit] AndroidManifest.xml:35:5-79
MERGED from [:lib-common-business] AndroidManifest.xml:16:5-79
MERGED from [:lib-common-business] AndroidManifest.xml:16:5-79
MERGED from [:lib-voice] AndroidManifest.xml:17:5-79
MERGED from [:lib-voice] AndroidManifest.xml:17:5-79
MERGED from [:lib-voice] AndroidManifest.xml:22:5-79
MERGED from [:lib-voice] AndroidManifest.xml:22:5-79
MERGED from [cn.jiguang.sdk:jpush:3.1.1] AndroidManifest.xml:33:5-79
MERGED from [cn.jiguang.sdk:jpush:3.1.1] AndroidManifest.xml:33:5-79
MERGED from [com.inuker.bluetooth:library:1.4.0] AndroidManifest.xml:13:5-79
MERGED from [com.inuker.bluetooth:library:1.4.0] AndroidManifest.xml:13:5-79
MERGED from [:vivachek-ble-sdk-1.0.0:] AndroidManifest.xml:15:5-79
MERGED from [:vivachek-ble-sdk-1.0.0:] AndroidManifest.xml:15:5-79
	android:name
		ADDED from src\main\AndroidManifest.xml:49:22-76
uses-permission#android.permission.READ_PHONE_STATE
ADDED from src\main\AndroidManifest.xml:51:5-75
MERGED from [:lib-call] AndroidManifest.xml:27:5-75
MERGED from [:lib-call] AndroidManifest.xml:27:5-75
MERGED from [:lib-baidu-unit] AndroidManifest.xml:22:5-75
MERGED from [:lib-baidu-unit] AndroidManifest.xml:22:5-75
MERGED from [:lib-baidu-unit] AndroidManifest.xml:43:5-75
MERGED from [:lib-baidu-unit] AndroidManifest.xml:43:5-75
MERGED from [:lib-common-business] AndroidManifest.xml:24:5-75
MERGED from [:lib-common-business] AndroidManifest.xml:24:5-75
MERGED from [:lib-voice] AndroidManifest.xml:16:5-75
MERGED from [:lib-voice] AndroidManifest.xml:16:5-75
MERGED from [cn.jiguang.sdk:jpush:3.1.1] AndroidManifest.xml:20:5-75
MERGED from [cn.jiguang.sdk:jpush:3.1.1] AndroidManifest.xml:20:5-75
MERGED from [:vtble-v2.1.0:] AndroidManifest.xml:13:5-75
MERGED from [:vtble-v2.1.0:] AndroidManifest.xml:13:5-75
MERGED from [:libbase-release:] AndroidManifest.xml:10:5-75
MERGED from [:libbase-release:] AndroidManifest.xml:10:5-75
MERGED from [com.github.markzhai:blockcanary-analyzer:1.5.0] AndroidManifest.xml:13:5-75
MERGED from [com.github.markzhai:blockcanary-analyzer:1.5.0] AndroidManifest.xml:13:5-75
	android:name
		ADDED from src\main\AndroidManifest.xml:51:22-72
uses-permission#android.permission.WRITE_EXTERNAL_STORAGE
ADDED from src\main\AndroidManifest.xml:53:5-81
MERGED from [:lib-call] AndroidManifest.xml:19:5-81
MERGED from [:lib-call] AndroidManifest.xml:19:5-81
MERGED from [:lib-baidu-unit] AndroidManifest.xml:24:5-81
MERGED from [:lib-baidu-unit] AndroidManifest.xml:24:5-81
MERGED from [:lib-baidu-unit] AndroidManifest.xml:45:5-81
MERGED from [:lib-baidu-unit] AndroidManifest.xml:45:5-81
MERGED from [:lib-common-business] AndroidManifest.xml:26:5-81
MERGED from [:lib-common-business] AndroidManifest.xml:26:5-81
MERGED from [:lib-voice] AndroidManifest.xml:19:5-81
MERGED from [:lib-voice] AndroidManifest.xml:19:5-81
MERGED from [:lib-common-core] AndroidManifest.xml:13:5-81
MERGED from [:lib-common-core] AndroidManifest.xml:13:5-81
MERGED from [com.squareup.leakcanary:leakcanary-android:1.5.4] AndroidManifest.xml:24:5-81
MERGED from [com.squareup.leakcanary:leakcanary-android:1.5.4] AndroidManifest.xml:24:5-81
MERGED from [com.lzy.net:okgo:3.0.4] AndroidManifest.xml:28:5-81
MERGED from [com.lzy.net:okgo:3.0.4] AndroidManifest.xml:28:5-81
MERGED from [com.netease.nimlib:basesdk:4.3.0] AndroidManifest.xml:22:5-81
MERGED from [com.netease.nimlib:basesdk:4.3.0] AndroidManifest.xml:22:5-81
MERGED from [cn.jiguang.sdk:jpush:3.1.1] AndroidManifest.xml:21:5-81
MERGED from [cn.jiguang.sdk:jpush:3.1.1] AndroidManifest.xml:21:5-81
MERGED from [:vivachek-ble-sdk-1.0.0:] AndroidManifest.xml:13:5-81
MERGED from [:vivachek-ble-sdk-1.0.0:] AndroidManifest.xml:13:5-81
MERGED from [com.github.markzhai:blockcanary-analyzer:1.5.0] AndroidManifest.xml:12:5-81
MERGED from [com.github.markzhai:blockcanary-analyzer:1.5.0] AndroidManifest.xml:12:5-81
	android:name
		ADDED from src\main\AndroidManifest.xml:53:22-78
uses-permission#android.permission.READ_EXTERNAL_STORAGE
ADDED from src\main\AndroidManifest.xml:55:5-80
MERGED from [:lib-call] AndroidManifest.xml:18:5-80
MERGED from [:lib-call] AndroidManifest.xml:18:5-80
MERGED from [:lib-baidu-unit] AndroidManifest.xml:26:5-80
MERGED from [:lib-baidu-unit] AndroidManifest.xml:26:5-80
MERGED from [:lib-voice] AndroidManifest.xml:21:5-80
MERGED from [:lib-voice] AndroidManifest.xml:21:5-80
MERGED from [:lib-common-core] AndroidManifest.xml:12:5-80
MERGED from [:lib-common-core] AndroidManifest.xml:12:5-80